#
# There is insufficient memory for the Java Runtime Environment to continue.
# Native memory allocation (mmap) failed to map 4096 bytes for card table expansion
# Possible reasons:
#   The system is out of physical RAM or swap space
#   In 32 bit mode, the process size limit was hit
# Possible solutions:
#   Reduce memory load on the system
#   Increase physical memory or swap space
#   Check if swap backing store is full
#   Use 64 bit Java on a 64 bit OS
#   Decrease Java heap size (-Xmx/-Xms)
#   Decrease number of Java threads
#   Decrease Java thread stack sizes (-Xss)
#   Set larger code cache with -XX:ReservedCodeCacheSize=
# This output file may be truncated or incomplete.
#
#  Out of Memory Error (os_windows.cpp:3332), pid=2080, tid=7036
#
# JRE version: Java(TM) SE Runtime Environment (8.0_66-b18) (build 1.8.0_66-b18)
# Java VM: Java HotSpot(TM) Client VM (25.66-b18 mixed mode windows-x86 )
# Failed to write core dump. Minidumps are not enabled by default on client versions of Windows
#

---------------  T H R E A D  ---------------

Current thread (0x451ec800):  VMThread [stack: 0x04920000,0x04970000] [id=7036]

Stack: [0x04920000,0x04970000],  sp=0x0496f350,  free space=316k
Native frames: (J=compiled Java code, j=interpreted, Vv=VM code, C=native code)
V  [jvm.dll+0x1a808b]
V  [jvm.dll+0x1a0988]
V  [jvm.dll+0x1bfd6e]
V  [jvm.dll+0x160e51]
V  [jvm.dll+0x8ff9a]
V  [jvm.dll+0x995cc]
V  [jvm.dll+0x9920f]
V  [jvm.dll+0x99547]
V  [jvm.dll+0x99cf7]
V  [jvm.dll+0x9868f]
V  [jvm.dll+0x99abb]
V  [jvm.dll+0x9484b]
V  [jvm.dll+0xba17c]
V  [jvm.dll+0xa442f]
V  [jvm.dll+0x99761]
V  [jvm.dll+0x97427]
V  [jvm.dll+0x93407]
V  [jvm.dll+0x98093]
V  [jvm.dll+0x92045]
V  [jvm.dll+0x1b6a06]
V  [jvm.dll+0x1811db]
V  [jvm.dll+0x1805f1]
V  [jvm.dll+0x180a07]
V  [jvm.dll+0x180c02]
V  [jvm.dll+0x1c06f6]
C  [msvcr100.dll+0x5c556]
C  [msvcr100.dll+0x5c600]
C  [kernel32.dll+0x1337a]
C  [ntdll.dll+0x39882]
C  [ntdll.dll+0x39855]

VM_Operation (0x025ceee8): GenCollectForAllocation, mode: safepoint, requested by thread 0x0248c800


---------------  P R O C E S S  ---------------

Java Threads: ( => current thread )
  0x45247400 JavaThread "Service Thread" daemon [_thread_blocked, id=7772, stack(0x45b50000,0x45c50000)]
  0x45227800 JavaThread "C1 CompilerThread0" daemon [_thread_blocked, id=4260, stack(0x00440000,0x00490000)]
  0x45226400 JavaThread "Attach Listener" daemon [_thread_blocked, id=6976, stack(0x45c70000,0x45d70000)]
  0x45223400 JavaThread "Signal Dispatcher" daemon [_thread_blocked, id=5668, stack(0x458e0000,0x459e0000)]
  0x451f7800 JavaThread "Finalizer" daemon [_thread_blocked, id=892, stack(0x45790000,0x45890000)]
  0x451f1c00 JavaThread "Reference Handler" daemon [_thread_blocked, id=5540, stack(0x45660000,0x45760000)]
  0x0248c800 JavaThread "main" [_thread_blocked, id=7716, stack(0x024d0000,0x025d0000)]

Other Threads:
=>0x451ec800 VMThread [stack: 0x04920000,0x04970000] [id=7036]
  0x4524b800 WatcherThread [stack: 0x45ef0000,0x45f40000] [id=536]

VM state:at safepoint (normal execution)

VM Mutex/Monitor currently owned by a thread:  ([mutex/lock_event])
[0x0248aeb8] Threads_lock - owner thread: 0x451ec800
[0x0248b2c8] Heap_lock - owner thread: 0x0248c800

Heap:
 def new generation   total 4928K, used 4928K [0x04a00000, 0x04f50000, 0x19f50000)
  eden space 4416K, 100% used [0x04a00000, 0x04e50000, 0x04e50000)
  from space 512K, 100% used [0x04e50000, 0x04ed0000, 0x04ed0000)
  to   space 512K,  99% used [0x04ed0000, 0x04f4fff8, 0x04f50000)
 tenured generation   total 10944K, used 10943K [0x19f50000, 0x1aa01000, 0x44a00000)
   the space 10944K,  99% used [0x19f50000, 0x1a9fffe0, 0x1aa00000, 0x1aa00000)
 Metaspace       used 3066K, capacity 3462K, committed 3520K, reserved 4480K

Card table byte_map: [0x44a00000,0x44c10000] byte_map_base: 0x449db000

Polling page: 0x00300000

CodeCache: size=32768Kb used=2162Kb max_used=2162Kb free=30605Kb
 bounds [0x02910000, 0x02b30000, 0x04910000]
 total_blobs=923 nmethods=782 adapters=71
 compilation: enabled

Compilation events (10 events):
Event: 1.826 Thread 0x45227800  780             java.util.Vector::<init> (49 bytes)
Event: 1.826 Thread 0x45227800 nmethod 780 0x02b2bac8 code [0x02b2bc00, 0x02b2bf10]
Event: 1.835 Thread 0x45227800  781             com.android.dx.ssa.DeadCodeRemover::process (14 bytes)
Event: 1.835 Thread 0x45227800 nmethod 781 0x02b2c108 code [0x02b2c210, 0x02b2c2f8]
Event: 1.835 Thread 0x45227800  782             com.android.dx.ssa.DeadCodeRemover::<init> (44 bytes)
Event: 1.835 Thread 0x45227800 nmethod 782 0x02b2c388 code [0x02b2c4a0, 0x02b2c5d8]
Event: 1.835 Thread 0x45227800  783             com.android.dx.rop.code.RopMethod::<init> (53 bytes)
Event: 1.836 Thread 0x45227800 nmethod 783 0x02b2c6c8 code [0x02b2c7e0, 0x02b2c978]
Event: 1.836 Thread 0x45227800  784             com.android.dx.cf.iface.StdMethod::getEffectiveDescriptor (5 bytes)
Event: 1.837 Thread 0x45227800 nmethod 784 0x02b2ca48 code [0x02b2cb40, 0x02b2cbc0]

GC Heap History (10 events):
Event: 1.726 GC heap after
Heap after GC invocations=10 (full 0):
 def new generation   total 4928K, used 511K [0x04a00000, 0x04f50000, 0x19f50000)
  eden space 4416K,   0% used [0x04a00000, 0x04a00000, 0x04e50000)
  from space 512K,  99% used [0x04e50000, 0x04ecfff8, 0x04ed0000)
  to   space 512K,   0% used [0x04ed0000, 0x04ed0000, 0x04f50000)
 tenured generation   total 10944K, used 8274K [0x19f50000, 0x1aa00000, 0x44a00000)
   the space 10944K,  75% used [0x19f50000, 0x1a764b78, 0x1a764c00, 0x1aa00000)
 Metaspace       used 3066K, capacity 3462K, committed 3520K, reserved 4480K
}
Event: 1.751 GC heap before
{Heap before GC invocations=10 (full 0):
 def new generation   total 4928K, used 4927K [0x04a00000, 0x04f50000, 0x19f50000)
  eden space 4416K, 100% used [0x04a00000, 0x04e50000, 0x04e50000)
  from space 512K,  99% used [0x04e50000, 0x04ecfff8, 0x04ed0000)
  to   space 512K,   0% used [0x04ed0000, 0x04ed0000, 0x04f50000)
 tenured generation   total 10944K, used 8274K [0x19f50000, 0x1aa00000, 0x44a00000)
   the space 10944K,  75% used [0x19f50000, 0x1a764b78, 0x1a764c00, 0x1aa00000)
 Metaspace       used 3066K, capacity 3462K, committed 3520K, reserved 4480K
Event: 1.754 GC heap after
Heap after GC invocations=11 (full 0):
 def new generation   total 4928K, used 512K [0x04a00000, 0x04f50000, 0x19f50000)
  eden space 4416K,   0% used [0x04a00000, 0x04a00000, 0x04e50000)
  from space 512K, 100% used [0x04ed0000, 0x04f50000, 0x04f50000)
  to   space 512K,   0% used [0x04e50000, 0x04e50000, 0x04ed0000)
 tenured generation   total 10944K, used 8772K [0x19f50000, 0x1aa00000, 0x44a00000)
   the space 10944K,  80% used [0x19f50000, 0x1a7e1050, 0x1a7e1200, 0x1aa00000)
 Metaspace       used 3066K, capacity 3462K, committed 3520K, reserved 4480K
}
Event: 1.772 GC heap before
{Heap before GC invocations=11 (full 0):
 def new generation   total 4928K, used 4928K [0x04a00000, 0x04f50000, 0x19f50000)
  eden space 4416K, 100% used [0x04a00000, 0x04e50000, 0x04e50000)
  from space 512K, 100% used [0x04ed0000, 0x04f50000, 0x04f50000)
  to   space 512K,   0% used [0x04e50000, 0x04e50000, 0x04ed0000)
 tenured generation   total 10944K, used 8772K [0x19f50000, 0x1aa00000, 0x44a00000)
   the space 10944K,  80% used [0x19f50000, 0x1a7e1050, 0x1a7e1200, 0x1aa00000)
 Metaspace       used 3066K, capacity 3462K, committed 3520K, reserved 4480K
Event: 1.775 GC heap after
Heap after GC invocations=12 (full 0):
 def new generation   total 4928K, used 512K [0x04a00000, 0x04f50000, 0x19f50000)
  eden space 4416K,   0% used [0x04a00000, 0x04a00000, 0x04e50000)
  from space 512K, 100% used [0x04e50000, 0x04ed0000, 0x04ed0000)
  to   space 512K,   0% used [0x04ed0000, 0x04ed0000, 0x04f50000)
 tenured generation   total 10944K, used 9539K [0x19f50000, 0x1aa00000, 0x44a00000)
   the space 10944K,  87% used [0x19f50000, 0x1a8a0c20, 0x1a8a0e00, 0x1aa00000)
 Metaspace       used 3066K, capacity 3462K, committed 3520K, reserved 4480K
}
Event: 1.790 GC heap before
{Heap before GC invocations=12 (full 0):
 def new generation   total 4928K, used 4928K [0x04a00000, 0x04f50000, 0x19f50000)
  eden space 4416K, 100% used [0x04a00000, 0x04e50000, 0x04e50000)
  from space 512K, 100% used [0x04e50000, 0x04ed0000, 0x04ed0000)
  to   space 512K,   0% used [0x04ed0000, 0x04ed0000, 0x04f50000)
 tenured generation   total 10944K, used 9539K [0x19f50000, 0x1aa00000, 0x44a00000)
   the space 10944K,  87% used [0x19f50000, 0x1a8a0c20, 0x1a8a0e00, 0x1aa00000)
 Metaspace       used 3066K, capacity 3462K, committed 3520K, reserved 4480K
Event: 1.792 GC heap after
Heap after GC invocations=13 (full 0):
 def new generation   total 4928K, used 512K [0x04a00000, 0x04f50000, 0x19f50000)
  eden space 4416K,   0% used [0x04a00000, 0x04a00000, 0x04e50000)
  from space 512K, 100% used [0x04ed0000, 0x04f50000, 0x04f50000)
  to   space 512K,   0% used [0x04e50000, 0x04e50000, 0x04ed0000)
 tenured generation   total 10944K, used 10015K [0x19f50000, 0x1aa00000, 0x44a00000)
   the space 10944K,  91% used [0x19f50000, 0x1a917e48, 0x1a918000, 0x1aa00000)
 Metaspace       used 3066K, capacity 3462K, committed 3520K, reserved 4480K
}
Event: 1.818 GC heap before
{Heap before GC invocations=13 (full 0):
 def new generation   total 4928K, used 4928K [0x04a00000, 0x04f50000, 0x19f50000)
  eden space 4416K, 100% used [0x04a00000, 0x04e50000, 0x04e50000)
  from space 512K, 100% used [0x04ed0000, 0x04f50000, 0x04f50000)
  to   space 512K,   0% used [0x04e50000, 0x04e50000, 0x04ed0000)
 tenured generation   total 10944K, used 10015K [0x19f50000, 0x1aa00000, 0x44a00000)
   the space 10944K,  91% used [0x19f50000, 0x1a917e48, 0x1a918000, 0x1aa00000)
 Metaspace       used 3066K, capacity 3462K, committed 3520K, reserved 4480K
Event: 1.821 GC heap after
Heap after GC invocations=14 (full 0):
 def new generation   total 4928K, used 512K [0x04a00000, 0x04f50000, 0x19f50000)
  eden space 4416K,   0% used [0x04a00000, 0x04a00000, 0x04e50000)
  from space 512K, 100% used [0x04e50000, 0x04ed0000, 0x04ed0000)
  to   space 512K,   0% used [0x04ed0000, 0x04ed0000, 0x04f50000)
 tenured generation   total 10944K, used 10418K [0x19f50000, 0x1aa00000, 0x44a00000)
   the space 10944K,  95% used [0x19f50000, 0x1a97c8f0, 0x1a97ca00, 0x1aa00000)
 Metaspace       used 3066K, capacity 3462K, committed 3520K, reserved 4480K
}
Event: 1.838 GC heap before
{Heap before GC invocations=14 (full 0):
 def new generation   total 4928K, used 4928K [0x04a00000, 0x04f50000, 0x19f50000)
  eden space 4416K, 100% used [0x04a00000, 0x04e50000, 0x04e50000)
  from space 512K, 100% used [0x04e50000, 0x04ed0000, 0x04ed0000)
  to   space 512K,   0% used [0x04ed0000, 0x04ed0000, 0x04f50000)
 tenured generation   total 10944K, used 10418K [0x19f50000, 0x1aa00000, 0x44a00000)
   the space 10944K,  95% used [0x19f50000, 0x1a97c8f0, 0x1a97ca00, 0x1aa00000)
 Metaspace       used 3066K, capacity 3462K, committed 3520K, reserved 4480K

Deoptimization events (0 events):
No events

Internal exceptions (2 events):
Event: 0.032 Thread 0x0248c800 Exception <a 'java/lang/NoSuchMethodError': Method sun.misc.Unsafe.defineClass(Ljava/lang/String;[BII)Ljava/lang/Class; name or signature does not match> (0x04a0beb8) thrown at [C:\re\workspace\8-2-build-windows-i586-cygwin\jdk8u66\5298\hotspot\src\share\vÀêÄ˘4T†?
Event: 0.032 Thread 0x0248c800 Exception <a 'java/lang/NoSuchMethodError': Method sun.misc.Unsafe.prefetchRead(Ljava/lang/Object;J)V name or signature does not match> (0x04a0c188) thrown at [C:\re\workspace\8-2-build-windows-i586-cygwin\jdk8u66\5298\hotspot\src\share\vm\prims\jni.cpp, l

Events (10 events):
Event: 1.726 Executing VM operation: GenCollectForAllocation done
Event: 1.751 Executing VM operation: GenCollectForAllocation
Event: 1.754 Executing VM operation: GenCollectForAllocation done
Event: 1.772 Executing VM operation: GenCollectForAllocation
Event: 1.775 Executing VM operation: GenCollectForAllocation done
Event: 1.790 Executing VM operation: GenCollectForAllocation
Event: 1.792 Executing VM operation: GenCollectForAllocation done
Event: 1.818 Executing VM operation: GenCollectForAllocation
Event: 1.821 Executing VM operation: GenCollectForAllocation done
Event: 1.838 Executing VM operation: GenCollectForAllocation


Dynamic libraries:
0x008d0000 - 0x00903000 	C:\PROGRA~3\Oracle\Java\javapath\java.exe
0x77890000 - 0x77a10000 	C:\Windows\SysWOW64\ntdll.dll
0x76bc0000 - 0x76cd0000 	C:\Windows\syswow64\kernel32.dll
0x75380000 - 0x753c7000 	C:\Windows\syswow64\KERNELBASE.dll
0x757a0000 - 0x75841000 	C:\Windows\syswow64\ADVAPI32.dll
0x75860000 - 0x7590c000 	C:\Windows\syswow64\msvcrt.dll
0x75620000 - 0x75639000 	C:\Windows\SysWOW64\sechost.dll
0x751f0000 - 0x752e0000 	C:\Windows\syswow64\RPCRT4.dll
0x74f30000 - 0x74f90000 	C:\Windows\syswow64\SspiCli.dll
0x74f20000 - 0x74f2c000 	C:\Windows\syswow64\CRYPTBASE.dll
0x76920000 - 0x76a20000 	C:\Windows\syswow64\USER32.dll
0x76890000 - 0x76920000 	C:\Windows\syswow64\GDI32.dll
0x75420000 - 0x7542a000 	C:\Windows\syswow64\LPK.dll
0x765f0000 - 0x7668d000 	C:\Windows\syswow64\USP10.dll
0x713d0000 - 0x7156e000 	C:\Windows\WinSxS\x86_microsoft.windows.common-controls_6595b64144ccf1df_6.0.7601.18837_none_41e855142bd5705d\COMCTL32.dll
0x752e0000 - 0x75337000 	C:\Windows\syswow64\SHLWAPI.dll
0x76cd0000 - 0x76d30000 	C:\Windows\system32\IMM32.DLL
0x76d30000 - 0x76dfc000 	C:\Windows\syswow64\MSCTF.dll
0x71f30000 - 0x71f93000 	C:\Program Files (x86)\McAfee\Host Intrusion Prevention\HcApi.dll
0x71fb0000 - 0x71fb9000 	C:\Program Files (x86)\McAfee\Host Intrusion Prevention\HcThe.dll
0x707e0000 - 0x70807000 	C:\Program Files (x86)\McAfee\Host Intrusion Prevention\HIPHandlers.dll
0x754c0000 - 0x754c5000 	C:\Windows\syswow64\PSAPI.DLL
0x62d60000 - 0x62e1f000 	C:\Program Files (x86)\Java\jre1.8.0_66\bin\msvcr100.dll
0x5fa40000 - 0x5fe05000 	C:\Program Files (x86)\Java\jre1.8.0_66\bin\client\jvm.dll
0x73e00000 - 0x73e07000 	C:\Windows\system32\WSOCK32.dll
0x75340000 - 0x75375000 	C:\Windows\syswow64\WS2_32.dll
0x75850000 - 0x75856000 	C:\Windows\syswow64\NSI.dll
0x71720000 - 0x71752000 	C:\Windows\system32\WINMM.dll
0x73430000 - 0x73439000 	C:\Windows\system32\VERSION.dll
0x6f740000 - 0x6f74c000 	C:\Program Files (x86)\Java\jre1.8.0_66\bin\verify.dll
0x6a9c0000 - 0x6a9e1000 	C:\Program Files (x86)\Java\jre1.8.0_66\bin\java.dll
0x6f2f0000 - 0x6f303000 	C:\Program Files (x86)\Java\jre1.8.0_66\bin\zip.dll
0x759a0000 - 0x765eb000 	C:\Windows\syswow64\SHELL32.dll
0x75640000 - 0x7579c000 	C:\Windows\syswow64\ole32.dll
0x73df0000 - 0x73dfb000 	C:\Windows\system32\profapi.dll
0x62c70000 - 0x62d5b000 	C:\Windows\system32\dbghelp.dll

VM Arguments:
jvm_args: -Xmx1024M -Xss1m -Djava.ext.dirs=C:\Users\raunie.adair\Android\sdk\build-tools\21.1.2\lib 
java_command: C:\Users\raunie.adair\Android\sdk\build-tools\21.1.2\lib\dx.jar --dex --output C:\Users\raunie.adair\alexandria\app\build\intermediates\pre-dexed\debug\jacocoagent-b89a9f67d9aeace73863bf2d034dbbdcda76d481.jar C:\Users\raunie.adair\alexandria\app\build\intermediates\jacoco\jacocoagent.jar
java_class_path (initial): C:\Users\raunie.adair\Android\sdk\build-tools\21.1.2\lib\dx.jar
Launcher Type: SUN_STANDARD

Environment Variables:
PATH=C:\ProgramData\Oracle\Java\javapath;C:\Program Files (x86)\Gradkell Systems, Inc\DBsign Data Security Suite\Common\Lib\;C:\Windows\system32;C:\Windows;C:\Windows\System32\Wbem;C:\Windows\System32\WindowsPowerShell\v1.0\;C:\Program Files\ActivIdentity\ActivClient\;C:\Program Files (x86)\ActivIdentity\ActivClient\;C:\Program Files\Tumbleweed\Desktop Validator\;C:\Program Files\JEDI\lib;C:\Program Files (x86)\ApproveIt\ThirdParty\Bin\;C:\Program Files (x86)\ApproveIt\;C:\ProgramData\Oracle\Java\javapath;C:\Program Files (x86)\Gradkell Systems, Inc\DBsign Data Security Suite\Common\Lib\;C:\Windows\system32;C:\Windows;C:\Windows\System32\Wbem;C:\Windows\System32\WindowsPowerShell\v1.0\;C:\Program Files\ActivIdentity\ActivClient\;C:\Program Files (x86)\ActivIdentity\ActivClient\;C:\Program Files\Tumbleweed\Desktop Validator\;C:\Program Files\JEDI\lib;C:\Program Files (x86)\ApproveIt\ThirdParty\Bin\;C:\Program Files (x86)\ApproveIt\
USERNAME=raunie.adair
OS=Windows_NT
PROCESSOR_IDENTIFIER=Intel64 Family 6 Model 42 Stepping 7, GenuineIntel



---------------  S Y S T E M  ---------------

OS: Windows 7 , 64 bit Build 7601 (6.1.7601.19045)

CPU:total 4 (4 cores per cpu, 1 threads per core) family 6 model 42 stepping 7, cmov, cx8, fxsr, mmx, sse, sse2, sse3, ssse3, sse4.1, sse4.2, popcnt, avx, aes, clmul, tsc, tscinvbit

Memory: 4k page, physical 8344472k(1287936k free), swap 8854636k(11432k free)

vm_info: Java HotSpot(TM) Client VM (25.66-b18) for windows-x86 JRE (1.8.0_66-b18), built on Nov  9 2015 10:58:29 by "java_re" with MS VC++ 10.0 (VS2010)

time: Tue Jan 05 10:03:53 2016
elapsed time: 2 seconds (0d 0h 0m 2s)

