#
# There is insufficient memory for the Java Runtime Environment to continue.
# Native memory allocation (malloc) failed to allocate 32756 bytes for ChunkPool::allocate
# Possible reasons:
#   The system is out of physical RAM or swap space
#   In 32 bit mode, the process size limit was hit
# Possible solutions:
#   Reduce memory load on the system
#   Increase physical memory or swap space
#   Check if swap backing store is full
#   Use 64 bit Java on a 64 bit OS
#   Decrease Java heap size (-Xmx/-Xms)
#   Decrease number of Java threads
#   Decrease Java thread stack sizes (-Xss)
#   Set larger code cache with -XX:ReservedCodeCacheSize=
# This output file may be truncated or incomplete.
#
#  Out of Memory Error (allocation.cpp:273), pid=6232, tid=336
#
# JRE version: Java(TM) SE Runtime Environment (8.0_66-b18) (build 1.8.0_66-b18)
# Java VM: Java HotSpot(TM) Client VM (25.66-b18 mixed mode windows-x86 )
# Failed to write core dump. Minidumps are not enabled by default on client versions of Windows
#

---------------  T H R E A D  ---------------

Current thread (0x0244c400):  JavaThread "main" [_thread_in_native, id=336, stack(0x022d0000,0x02320000)]

Stack: [0x022d0000,0x02320000],  sp=0x0231e584,  free space=313k
Native frames: (J=compiled Java code, j=interpreted, Vv=VM code, C=native code)
V  [jvm.dll+0x1a808b]
V  [jvm.dll+0x1a0988]
V  [jvm.dll+0x8b6e1]
V  [jvm.dll+0x8b8bd]
V  [jvm.dll+0x8bd37]
V  [jvm.dll+0xa37a4]
V  [jvm.dll+0x3a94d]
V  [jvm.dll+0x3a9cd]
V  [jvm.dll+0x3bfcf]
V  [jvm.dll+0x3ac61]
V  [jvm.dll+0x4fa4f]
V  [jvm.dll+0x5012a]
V  [jvm.dll+0x51370]
V  [jvm.dll+0x513ba]
V  [jvm.dll+0xab6d8]
V  [jvm.dll+0x7fb62]
V  [jvm.dll+0x7fd47]
j  sun.usagetracker.UsageTrackerClient.getEnvPrivileged(Ljava/lang/String;)Ljava/lang/String;+0
j  sun.usagetracker.UsageTrackerClient.getOSSpecificConfigFilePath()Ljava/lang/String;+54
j  sun.usagetracker.UsageTrackerClient.getConfigFilePrivileged()Ljava/io/File;+17
j  sun.usagetracker.UsageTrackerClient.setupAndTimestamp(J)V+11
j  sun.usagetracker.UsageTrackerClient.access$000(Lsun/usagetracker/UsageTrackerClient;J)V+2
j  sun.usagetracker.UsageTrackerClient$4.run()Ljava/lang/Void;+24
j  sun.usagetracker.UsageTrackerClient$4.run()Ljava/lang/Object;+1
v  ~StubRoutines::call_stub
V  [jvm.dll+0x158ba5]
V  [jvm.dll+0x21e12e]
V  [jvm.dll+0x158c3e]
V  [jvm.dll+0x10973f]
C  [java.dll+0x1015]
j  sun.usagetracker.UsageTrackerClient.run(Ljava/lang/String;Ljava/lang/String;)V+42
j  sun.misc.PostVMInitHook.trackJavaUsage()V+16
j  sun.misc.PostVMInitHook.run()V+0
v  ~StubRoutines::call_stub
V  [jvm.dll+0x158ba5]
V  [jvm.dll+0x21e12e]
V  [jvm.dll+0x158c3e]
V  [jvm.dll+0x1591c1]
V  [jvm.dll+0x15922d]
V  [jvm.dll+0x176879]
V  [jvm.dll+0x17bc7a]
V  [jvm.dll+0xe53a1]
C  [java.exe+0x14c6]
C  [java.exe+0x203a]
C  [java.exe+0xae9f]
C  [java.exe+0xaf29]
C  [kernel32.dll+0x1337a]
C  [ntdll.dll+0x39882]
C  [ntdll.dll+0x39855]
C  0x00000000

Java frames: (J=compiled Java code, j=interpreted, Vv=VM code)
j  sun.usagetracker.UsageTrackerClient.getEnvPrivileged(Ljava/lang/String;)Ljava/lang/String;+0
j  sun.usagetracker.UsageTrackerClient.getOSSpecificConfigFilePath()Ljava/lang/String;+54
j  sun.usagetracker.UsageTrackerClient.getConfigFilePrivileged()Ljava/io/File;+17
j  sun.usagetracker.UsageTrackerClient.setupAndTimestamp(J)V+11
j  sun.usagetracker.UsageTrackerClient.access$000(Lsun/usagetracker/UsageTrackerClient;J)V+2
j  sun.usagetracker.UsageTrackerClient$4.run()Ljava/lang/Void;+24
j  sun.usagetracker.UsageTrackerClient$4.run()Ljava/lang/Object;+1
v  ~StubRoutines::call_stub
j  java.security.AccessController.doPrivileged(Ljava/security/PrivilegedAction;)Ljava/lang/Object;+0
j  sun.usagetracker.UsageTrackerClient.run(Ljava/lang/String;Ljava/lang/String;)V+42
j  sun.misc.PostVMInitHook.trackJavaUsage()V+16
j  sun.misc.PostVMInitHook.run()V+0
v  ~StubRoutines::call_stub

---------------  P R O C E S S  ---------------

Java Threads: ( => current thread )
  0x14d68000 JavaThread "Service Thread" daemon [_thread_blocked, id=5296, stack(0x15630000,0x15680000)]
  0x14d47800 JavaThread "C1 CompilerThread0" daemon [_thread_blocked, id=7128, stack(0x155b0000,0x15600000)]
  0x14d46800 JavaThread "Attach Listener" daemon [_thread_blocked, id=6720, stack(0x154b0000,0x15500000)]
  0x14d4d400 JavaThread "Signal Dispatcher" daemon [_thread_blocked, id=2076, stack(0x153b0000,0x15400000)]
  0x14d15c00 JavaThread "Finalizer" daemon [_thread_blocked, id=8036, stack(0x15160000,0x151b0000)]
  0x14d10800 JavaThread "Reference Handler" daemon [_thread_blocked, id=7004, stack(0x151d0000,0x15220000)]
=>0x0244c400 JavaThread "main" [_thread_in_native, id=336, stack(0x022d0000,0x02320000)]

Other Threads:
  0x14d0ac00 VMThread [stack: 0x150c0000,0x15110000] [id=3936]

VM state:not at safepoint (normal execution)

VM Mutex/Monitor currently owned by a thread: None

Heap:
 def new generation   total 4928K, used 442K [0x04800000, 0x04d50000, 0x09d50000)
  eden space 4416K,  10% used [0x04800000, 0x0486e890, 0x04c50000)
  from space 512K,   0% used [0x04c50000, 0x04c50000, 0x04cd0000)
  to   space 512K,   0% used [0x04cd0000, 0x04cd0000, 0x04d50000)
 tenured generation   total 10944K, used 0K [0x09d50000, 0x0a800000, 0x14800000)
   the space 10944K,   0% used [0x09d50000, 0x09d50000, 0x09d50200, 0x0a800000)
 Metaspace       used 1342K, capacity 2240K, committed 2240K, reserved 4480K

Card table byte_map: [0x14800000,0x14890000] byte_map_base: 0x147dc000

Polling page: 0x00270000

CodeCache: size=32768Kb used=652Kb max_used=652Kb free=32115Kb
 bounds [0x027c0000, 0x02868000, 0x047c0000]
 total_blobs=136 nmethods=2 adapters=66
 compilation: enabled

Compilation events (3 events):
Event: 0.082 Thread 0x14d47800    1             java.lang.String::hashCode (55 bytes)
Event: 0.083 Thread 0x14d47800 nmethod 1 0x02862a88 code [0x02862b80, 0x02862c50]
Event: 0.083 Thread 0x14d47800    2             java.lang.String::equals (81 bytes)

GC Heap History (0 events):
No events

Deoptimization events (0 events):
No events

Internal exceptions (2 events):
Event: 0.044 Thread 0x0244c400 Exception <a 'java/lang/NoSuchMethodError': Method sun.misc.Unsafe.defineClass(Ljava/lang/String;[BII)Ljava/lang/Class; name or signature does not match> (0x0480bb98) thrown at [C:\re\workspace\8-2-build-windows-i586-cygwin\jdk8u66\5298\hotspot\src\share\våá_N@X¦?
Event: 0.044 Thread 0x0244c400 Exception <a 'java/lang/NoSuchMethodError': Method sun.misc.Unsafe.prefetchRead(Ljava/lang/Object;J)V name or signature does not match> (0x0480be68) thrown at [C:\re\workspace\8-2-build-windows-i586-cygwin\jdk8u66\5298\hotspot\src\share\vm\prims\jni.cpp, l

Events (10 events):
Event: 0.083 loading class sun/misc/PostVMInitHook done
Event: 0.083 loading class sun/usagetracker/UsageTrackerClient
Event: 0.083 loading class sun/usagetracker/UsageTrackerClient done
Event: 0.083 loading class java/util/concurrent/atomic/AtomicBoolean
Event: 0.083 loading class java/util/concurrent/atomic/AtomicBoolean done
Event: 0.083 loading class sun/usagetracker/UsageTrackerClient$1
Event: 0.083 loading class sun/usagetracker/UsageTrackerClient$1 done
Event: 0.083 loading class sun/usagetracker/UsageTrackerClient$4
Event: 0.083 loading class sun/usagetracker/UsageTrackerClient$4 done
Event: 0.083 loading class sun/usagetracker/UsageTrackerClient$2


Dynamic libraries:
0x008d0000 - 0x00903000 	C:\ProgramData\Oracle\Java\javapath\java.exe
0x77890000 - 0x77a10000 	C:\Windows\SysWOW64\ntdll.dll
0x76bc0000 - 0x76cd0000 	C:\Windows\syswow64\kernel32.dll
0x75380000 - 0x753c7000 	C:\Windows\syswow64\KERNELBASE.dll
0x757a0000 - 0x75841000 	C:\Windows\syswow64\ADVAPI32.dll
0x75860000 - 0x7590c000 	C:\Windows\syswow64\msvcrt.dll
0x75620000 - 0x75639000 	C:\Windows\SysWOW64\sechost.dll
0x751f0000 - 0x752e0000 	C:\Windows\syswow64\RPCRT4.dll
0x74f30000 - 0x74f90000 	C:\Windows\syswow64\SspiCli.dll
0x74f20000 - 0x74f2c000 	C:\Windows\syswow64\CRYPTBASE.dll
0x76920000 - 0x76a20000 	C:\Windows\syswow64\USER32.dll
0x76890000 - 0x76920000 	C:\Windows\syswow64\GDI32.dll
0x75420000 - 0x7542a000 	C:\Windows\syswow64\LPK.dll
0x765f0000 - 0x7668d000 	C:\Windows\syswow64\USP10.dll
0x713d0000 - 0x7156e000 	C:\Windows\WinSxS\x86_microsoft.windows.common-controls_6595b64144ccf1df_6.0.7601.18837_none_41e855142bd5705d\COMCTL32.dll
0x752e0000 - 0x75337000 	C:\Windows\syswow64\SHLWAPI.dll
0x76cd0000 - 0x76d30000 	C:\Windows\system32\IMM32.DLL
0x76d30000 - 0x76dfc000 	C:\Windows\syswow64\MSCTF.dll
0x71f30000 - 0x71f93000 	C:\Program Files (x86)\McAfee\Host Intrusion Prevention\HcApi.dll
0x71fb0000 - 0x71fb9000 	C:\Program Files (x86)\McAfee\Host Intrusion Prevention\HcThe.dll
0x707e0000 - 0x70807000 	C:\Program Files (x86)\McAfee\Host Intrusion Prevention\HIPHandlers.dll
0x754c0000 - 0x754c5000 	C:\Windows\syswow64\PSAPI.DLL
0x62d60000 - 0x62e1f000 	C:\Program Files (x86)\Java\jre1.8.0_66\bin\msvcr100.dll
0x5fa40000 - 0x5fe05000 	C:\Program Files (x86)\Java\jre1.8.0_66\bin\client\jvm.dll
0x73e00000 - 0x73e07000 	C:\Windows\system32\WSOCK32.dll
0x75340000 - 0x75375000 	C:\Windows\syswow64\WS2_32.dll
0x75850000 - 0x75856000 	C:\Windows\syswow64\NSI.dll
0x71720000 - 0x71752000 	C:\Windows\system32\WINMM.dll
0x73430000 - 0x73439000 	C:\Windows\system32\VERSION.dll
0x6f740000 - 0x6f74c000 	C:\Program Files (x86)\Java\jre1.8.0_66\bin\verify.dll
0x6a9c0000 - 0x6a9e1000 	C:\Program Files (x86)\Java\jre1.8.0_66\bin\java.dll
0x6f2f0000 - 0x6f303000 	C:\Program Files (x86)\Java\jre1.8.0_66\bin\zip.dll
0x759a0000 - 0x765eb000 	C:\Windows\syswow64\SHELL32.dll
0x75640000 - 0x7579c000 	C:\Windows\syswow64\ole32.dll
0x73df0000 - 0x73dfb000 	C:\Windows\system32\profapi.dll
0x62c70000 - 0x62d5b000 	C:\Windows\system32\dbghelp.dll

VM Arguments:
java_command: <unknown>
java_class_path (initial): .
Launcher Type: SUN_STANDARD

Environment Variables:
PATH=C:\ProgramData\Oracle\Java\javapath;C:\Program Files (x86)\Gradkell Systems, Inc\DBsign Data Security Suite\Common\Lib\;C:\Windows\system32;C:\Windows;C:\Windows\System32\Wbem;C:\Windows\System32\WindowsPowerShell\v1.0\;C:\Program Files\ActivIdentity\ActivClient\;C:\Program Files (x86)\ActivIdentity\ActivClient\;C:\Program Files\Tumbleweed\Desktop Validator\;C:\Program Files\JEDI\lib;C:\Program Files (x86)\ApproveIt\ThirdParty\Bin\;C:\Program Files (x86)\ApproveIt\;C:\ProgramData\Oracle\Java\javapath;C:\Program Files (x86)\Gradkell Systems, Inc\DBsign Data Security Suite\Common\Lib\;C:\Windows\system32;C:\Windows;C:\Windows\System32\Wbem;C:\Windows\System32\WindowsPowerShell\v1.0\;C:\Program Files\ActivIdentity\ActivClient\;C:\Program Files (x86)\ActivIdentity\ActivClient\;C:\Program Files\Tumbleweed\Desktop Validator\;C:\Program Files\JEDI\lib;C:\Program Files (x86)\ApproveIt\ThirdParty\Bin\;C:\Program Files (x86)\ApproveIt\
USERNAME=raunie.adair
OS=Windows_NT
PROCESSOR_IDENTIFIER=Intel64 Family 6 Model 42 Stepping 7, GenuineIntel



---------------  S Y S T E M  ---------------

OS: Windows 7 , 64 bit Build 7601 (6.1.7601.19045)

CPU:total 4 (4 cores per cpu, 1 threads per core) family 6 model 42 stepping 7, cmov, cx8, fxsr, mmx, sse, sse2, sse3, ssse3, sse4.1, sse4.2, popcnt, avx, aes, clmul, tsc, tscinvbit

Memory: 4k page, physical 8344472k(1321928k free), swap 8854636k(12732k free)

vm_info: Java HotSpot(TM) Client VM (25.66-b18) for windows-x86 JRE (1.8.0_66-b18), built on Nov  9 2015 10:58:29 by "java_re" with MS VC++ 10.0 (VS2010)

time: Tue Jan 05 10:03:51 2016
elapsed time: 0 seconds (0d 0h 0m 0s)

